==============================================================================
20160928 22:45:31.721 - INFO - + START SUITE: Acceptancetest [ ]
==============================================================================
20160928 22:45:32.234 - INFO - +- START SUITE: Acceptancetest.CustomWidgetTests [ ]
==============================================================================
20160928 22:45:32.241 - INFO - +-- START TEST: Hexagon Is Selected Initially [ ]
------------------------------------------------------------------------------
20160928 22:45:32.247 - INFO - +--- START KW: SwingLibrary.Start Application [ edu.jsu.mcis.Main ]
20160928 22:45:32.405 - INFO - +--- END KW: SwingLibrary.Start Application (157)
~~~~~~~~~~~~~~~~~~~~~~~~~~~~~~~~~~~~~~~~~~~~~~~~~~~~~~~~~~~~~~~~~~~~~~~~~~~~~~
20160928 22:45:32.407 - INFO - +--- START KW: SwingLibrary.Select Window [ Main ]
20160928 22:45:32.463 - DEBUG - Jemmy: Start to wait frame "Frame with name or title 'Main'" opened
20160928 22:45:32.464 - DEBUG - Jemmy: Frame "Frame with name or title 'Main'" has been opened in 1 milliseconds
    javax.swing.JFrame[frame0,0,0,300x300,layout=java.awt.BorderLayout,title=Main,resizable,normal,defaultCloseOperation=EXIT_ON_CLOSE,rootPane=javax.swing.JRootPane[,8,31,284x261,layout=javax.swing.JRootPane$RootLayout,alignmentX=0.0,alignmentY=0.0,border=,flags=16777673,maximumSize=,minimumSize=,preferredSize=],rootPaneCheckingEnabled=true]
20160928 22:45:32.469 - INFO - +--- END KW: SwingLibrary.Select Window (63)
~~~~~~~~~~~~~~~~~~~~~~~~~~~~~~~~~~~~~~~~~~~~~~~~~~~~~~~~~~~~~~~~~~~~~~~~~~~~~~
20160928 22:45:32.471 - INFO - +--- START KW: SwingLibrary.Label Text Should Be [ label | Hexagon ]
20160928 22:45:32.491 - DEBUG - Jemmy: Waiting for "label" subcomponent
20160928 22:45:32.491 - DEBUG - Jemmy: Start to wait action "Wait for "label" subcomponent to be displayed"
20160928 22:45:32.492 - DEBUG - Jemmy: "Wait for "label" subcomponent to be displayed" action has been produced in 1 milliseconds with result 
    : javax.swing.JLabel[label,0,0,284x16,alignmentX=0.0,alignmentY=0.0,border=,flags=8388608,maximumSize=,minimumSize=,preferredSize=,defaultIcon=,disabledIcon=,horizontalAlignment=CENTER,horizontalTextPosition=TRAILING,iconTextGap=4,labelFor=,text=Hexagon,verticalAlignment=CENTER,verticalTextPosition=CENTER]
20160928 22:45:32.498 - INFO - +--- END KW: SwingLibrary.Label Text Should Be (28)
~~~~~~~~~~~~~~~~~~~~~~~~~~~~~~~~~~~~~~~~~~~~~~~~~~~~~~~~~~~~~~~~~~~~~~~~~~~~~~
20160928 22:45:32.499 - INFO - +--- START KW: SwingLibrary.Close Window [ Main ]
20160928 22:45:32.501 - DEBUG - Jemmy: Start to wait frame "Frame with name or title 'Main'" opened
20160928 22:45:32.501 - DEBUG - Jemmy: Frame "Frame with name or title 'Main'" has been opened in 0 milliseconds
    javax.swing.JFrame[frame0,0,0,300x300,layout=java.awt.BorderLayout,title=Main,resizable,normal,defaultCloseOperation=EXIT_ON_CLOSE,rootPane=javax.swing.JRootPane[,8,31,284x261,layout=javax.swing.JRootPane$RootLayout,alignmentX=0.0,alignmentY=0.0,border=,flags=16777673,maximumSize=,minimumSize=,preferredSize=],rootPaneCheckingEnabled=true]
20160928 22:45:32.692 - INFO - +--- END KW: SwingLibrary.Close Window (191)
------------------------------------------------------------------------------
20160928 22:45:32.722 - INFO - +-- END TEST: Hexagon Is Selected Initially (457)
------------------------------------------------------------------------------
20160928 22:45:32.725 - INFO - +-- START TEST: Octagon Is Selected After Center Click [ ]
------------------------------------------------------------------------------
20160928 22:45:32.734 - INFO - +--- START KW: SwingLibrary.Start Application [ edu.jsu.mcis.Main ]
20160928 22:45:32.758 - INFO - +--- END KW: SwingLibrary.Start Application (22)
~~~~~~~~~~~~~~~~~~~~~~~~~~~~~~~~~~~~~~~~~~~~~~~~~~~~~~~~~~~~~~~~~~~~~~~~~~~~~~
20160928 22:45:32.760 - INFO - +--- START KW: SwingLibrary.Select Window [ Main ]
20160928 22:45:32.764 - DEBUG - Jemmy: Start to wait frame "Frame with name or title 'Main'" opened
20160928 22:45:32.764 - DEBUG - Jemmy: Frame "Frame with name or title 'Main'" has been opened in 0 milliseconds
    javax.swing.JFrame[frame1,0,0,300x300,layout=java.awt.BorderLayout,title=Main,resizable,normal,defaultCloseOperation=EXIT_ON_CLOSE,rootPane=javax.swing.JRootPane[,8,31,284x261,layout=javax.swing.JRootPane$RootLayout,alignmentX=0.0,alignmentY=0.0,border=,flags=16777673,maximumSize=,minimumSize=,preferredSize=],rootPaneCheckingEnabled=true]
20160928 22:45:32.769 - INFO - +--- END KW: SwingLibrary.Select Window (8)
~~~~~~~~~~~~~~~~~~~~~~~~~~~~~~~~~~~~~~~~~~~~~~~~~~~~~~~~~~~~~~~~~~~~~~~~~~~~~~
20160928 22:45:32.770 - INFO - +--- START KW: keywords.CustomWidgetKeywords.Click Octagon Inside [ ]
20160928 22:45:32.772 - DEBUG - Jemmy: Waiting for "Any CustomWidget" subcomponent
20160928 22:45:32.772 - DEBUG - Jemmy: Start to wait action "Wait for "Any CustomWidget" subcomponent to be displayed"
20160928 22:45:32.773 - DEBUG - Jemmy: "Wait for "Any CustomWidget" subcomponent to be displayed" action has been produced in 1 milliseconds with result 
    : edu.jsu.mcis.CustomWidget[,0,16,284x245,layout=java.awt.FlowLayout,alignmentX=0.0,alignmentY=0.0,border=javax.swing.border.LineBorder@77a35b2f,flags=9,maximumSize=,minimumSize=,preferredSize=]
20160928 22:45:32.780 - INFO - +--- END KW: keywords.CustomWidgetKeywords.Click Octagon Inside (10)
~~~~~~~~~~~~~~~~~~~~~~~~~~~~~~~~~~~~~~~~~~~~~~~~~~~~~~~~~~~~~~~~~~~~~~~~~~~~~~
20160928 22:45:32.781 - INFO - +--- START KW: SwingLibrary.Label Text Should Be [ label | Octagon ]
20160928 22:45:32.783 - DEBUG - Jemmy: Waiting for "label" subcomponent
20160928 22:45:32.783 - DEBUG - Jemmy: Start to wait action "Wait for "label" subcomponent to be displayed"
20160928 22:45:32.784 - DEBUG - Jemmy: "Wait for "label" subcomponent to be displayed" action has been produced in 1 milliseconds with result 
    : javax.swing.JLabel[label,0,0,284x16,alignmentX=0.0,alignmentY=0.0,border=,flags=8388608,maximumSize=,minimumSize=,preferredSize=,defaultIcon=,disabledIcon=,horizontalAlignment=CENTER,horizontalTextPosition=TRAILING,iconTextGap=4,labelFor=,text=Octagon,verticalAlignment=CENTER,verticalTextPosition=CENTER]
20160928 22:45:32.788 - INFO - +--- END KW: SwingLibrary.Label Text Should Be (6)
~~~~~~~~~~~~~~~~~~~~~~~~~~~~~~~~~~~~~~~~~~~~~~~~~~~~~~~~~~~~~~~~~~~~~~~~~~~~~~
20160928 22:45:32.789 - INFO - +--- START KW: SwingLibrary.Close Window [ Main ]
20160928 22:45:32.790 - DEBUG - Jemmy: Start to wait frame "Frame with name or title 'Main'" opened
20160928 22:45:32.790 - DEBUG - Jemmy: Frame "Frame with name or title 'Main'" has been opened in 0 milliseconds
    javax.swing.JFrame[frame1,0,0,300x300,invalid,layout=java.awt.BorderLayout,title=Main,resizable,normal,defaultCloseOperation=EXIT_ON_CLOSE,rootPane=javax.swing.JRootPane[,8,31,284x261,layout=javax.swing.JRootPane$RootLayout,alignmentX=0.0,alignmentY=0.0,border=,flags=16777673,maximumSize=,minimumSize=,preferredSize=],rootPaneCheckingEnabled=true]
20160928 22:45:32.953 - INFO - +--- END KW: SwingLibrary.Close Window (163)
------------------------------------------------------------------------------
20160928 22:45:32.971 - INFO - +-- END TEST: Octagon Is Selected After Center Click (231)
------------------------------------------------------------------------------
20160928 22:45:32.975 - INFO - +-- START TEST: Widget Is Unchanged After Edge Click [ ]
------------------------------------------------------------------------------
20160928 22:45:32.986 - INFO - +--- START KW: SwingLibrary.Start Application [ edu.jsu.mcis.Main ]
20160928 22:45:33.010 - INFO - +--- END KW: SwingLibrary.Start Application (20)
~~~~~~~~~~~~~~~~~~~~~~~~~~~~~~~~~~~~~~~~~~~~~~~~~~~~~~~~~~~~~~~~~~~~~~~~~~~~~~
20160928 22:45:33.013 - INFO - +--- START KW: SwingLibrary.Select Window [ Main ]
20160928 22:45:33.018 - DEBUG - Jemmy: Start to wait frame "Frame with name or title 'Main'" opened
20160928 22:45:33.019 - DEBUG - Jemmy: Frame "Frame with name or title 'Main'" has been opened in 0 milliseconds
    javax.swing.JFrame[frame2,0,0,300x300,layout=java.awt.BorderLayout,title=Main,resizable,normal,defaultCloseOperation=EXIT_ON_CLOSE,rootPane=javax.swing.JRootPane[,8,31,284x261,layout=javax.swing.JRootPane$RootLayout,alignmentX=0.0,alignmentY=0.0,border=,flags=16777673,maximumSize=,minimumSize=,preferredSize=],rootPaneCheckingEnabled=true]
20160928 22:45:33.023 - INFO - +--- END KW: SwingLibrary.Select Window (10)
~~~~~~~~~~~~~~~~~~~~~~~~~~~~~~~~~~~~~~~~~~~~~~~~~~~~~~~~~~~~~~~~~~~~~~~~~~~~~~
20160928 22:45:33.024 - INFO - +--- START KW: keywords.CustomWidgetKeywords.Click Hexagon Outside [ ]
20160928 22:45:33.025 - DEBUG - Jemmy: Waiting for "Any CustomWidget" subcomponent
20160928 22:45:33.026 - DEBUG - Jemmy: Start to wait action "Wait for "Any CustomWidget" subcomponent to be displayed"
20160928 22:45:33.026 - DEBUG - Jemmy: "Wait for "Any CustomWidget" subcomponent to be displayed" action has been produced in 1 milliseconds with result 
    : edu.jsu.mcis.CustomWidget[,0,16,284x245,layout=java.awt.FlowLayout,alignmentX=0.0,alignmentY=0.0,border=javax.swing.border.LineBorder@5dc90de7,flags=9,maximumSize=,minimumSize=,preferredSize=]
20160928 22:45:33.031 - INFO - +--- END KW: keywords.CustomWidgetKeywords.Click Hexagon Outside (6)
~~~~~~~~~~~~~~~~~~~~~~~~~~~~~~~~~~~~~~~~~~~~~~~~~~~~~~~~~~~~~~~~~~~~~~~~~~~~~~
20160928 22:45:33.031 - INFO - +--- START KW: keywords.CustomWidgetKeywords.Click Octagon Outside [ ]
20160928 22:45:33.033 - DEBUG - Jemmy: Waiting for "Any CustomWidget" subcomponent
20160928 22:45:33.033 - DEBUG - Jemmy: Start to wait action "Wait for "Any CustomWidget" subcomponent to be displayed"
20160928 22:45:33.033 - DEBUG - Jemmy: "Wait for "Any CustomWidget" subcomponent to be displayed" action has been produced in 0 milliseconds with result 
    : edu.jsu.mcis.CustomWidget[,0,16,284x245,layout=java.awt.FlowLayout,alignmentX=0.0,alignmentY=0.0,border=javax.swing.border.LineBorder@5dc90de7,flags=9,maximumSize=,minimumSize=,preferredSize=]
20160928 22:45:33.038 - INFO - +--- END KW: keywords.CustomWidgetKeywords.Click Octagon Outside (6)
~~~~~~~~~~~~~~~~~~~~~~~~~~~~~~~~~~~~~~~~~~~~~~~~~~~~~~~~~~~~~~~~~~~~~~~~~~~~~~
20160928 22:45:33.039 - INFO - +--- START KW: SwingLibrary.Label Text Should Be [ label | Hexagon ]
20160928 22:45:33.041 - DEBUG - Jemmy: Waiting for "label" subcomponent
20160928 22:45:33.041 - DEBUG - Jemmy: Start to wait action "Wait for "label" subcomponent to be displayed"
20160928 22:45:33.041 - DEBUG - Jemmy: "Wait for "label" subcomponent to be displayed" action has been produced in 0 milliseconds with result 
    : javax.swing.JLabel[label,0,0,284x16,alignmentX=0.0,alignmentY=0.0,border=,flags=8388608,maximumSize=,minimumSize=,preferredSize=,defaultIcon=,disabledIcon=,horizontalAlignment=CENTER,horizontalTextPosition=TRAILING,iconTextGap=4,labelFor=,text=Hexagon,verticalAlignment=CENTER,verticalTextPosition=CENTER]
20160928 22:45:33.043 - INFO - +--- END KW: SwingLibrary.Label Text Should Be (5)
~~~~~~~~~~~~~~~~~~~~~~~~~~~~~~~~~~~~~~~~~~~~~~~~~~~~~~~~~~~~~~~~~~~~~~~~~~~~~~
20160928 22:45:33.044 - INFO - +--- START KW: SwingLibrary.Close Window [ Main ]
20160928 22:45:33.046 - DEBUG - Jemmy: Start to wait frame "Frame with name or title 'Main'" opened
20160928 22:45:33.046 - DEBUG - Jemmy: Frame "Frame with name or title 'Main'" has been opened in 0 milliseconds
    javax.swing.JFrame[frame2,0,0,300x300,layout=java.awt.BorderLayout,title=Main,resizable,normal,defaultCloseOperation=EXIT_ON_CLOSE,rootPane=javax.swing.JRootPane[,8,31,284x261,layout=javax.swing.JRootPane$RootLayout,alignmentX=0.0,alignmentY=0.0,border=,flags=16777673,maximumSize=,minimumSize=,preferredSize=],rootPaneCheckingEnabled=true]
20160928 22:45:33.204 - INFO - +--- END KW: SwingLibrary.Close Window (158)
------------------------------------------------------------------------------
20160928 22:45:33.233 - INFO - +-- END TEST: Widget Is Unchanged After Edge Click (234)
------------------------------------------------------------------------------
20160928 22:45:33.235 - INFO - +-- START TEST: Widget Toggles With Successive Center Clicks [ ]
------------------------------------------------------------------------------
20160928 22:45:33.241 - INFO - +--- START KW: SwingLibrary.Start Application [ edu.jsu.mcis.Main ]
20160928 22:45:33.260 - INFO - +--- END KW: SwingLibrary.Start Application (18)
~~~~~~~~~~~~~~~~~~~~~~~~~~~~~~~~~~~~~~~~~~~~~~~~~~~~~~~~~~~~~~~~~~~~~~~~~~~~~~
20160928 22:45:33.262 - INFO - +--- START KW: SwingLibrary.Select Window [ Main ]
20160928 22:45:33.266 - DEBUG - Jemmy: Start to wait frame "Frame with name or title 'Main'" opened
20160928 22:45:33.267 - DEBUG - Jemmy: Frame "Frame with name or title 'Main'" has been opened in 0 milliseconds
    javax.swing.JFrame[frame3,0,0,300x300,layout=java.awt.BorderLayout,title=Main,resizable,normal,defaultCloseOperation=EXIT_ON_CLOSE,rootPane=javax.swing.JRootPane[,8,31,284x261,layout=javax.swing.JRootPane$RootLayout,alignmentX=0.0,alignmentY=0.0,border=,flags=16777673,maximumSize=,minimumSize=,preferredSize=],rootPaneCheckingEnabled=true]
20160928 22:45:33.271 - INFO - +--- END KW: SwingLibrary.Select Window (9)
~~~~~~~~~~~~~~~~~~~~~~~~~~~~~~~~~~~~~~~~~~~~~~~~~~~~~~~~~~~~~~~~~~~~~~~~~~~~~~
20160928 22:45:33.271 - INFO - +--- START KW: keywords.CustomWidgetKeywords.Click Octagon Inside [ ]
20160928 22:45:33.273 - DEBUG - Jemmy: Waiting for "Any CustomWidget" subcomponent
20160928 22:45:33.273 - DEBUG - Jemmy: Start to wait action "Wait for "Any CustomWidget" subcomponent to be displayed"
20160928 22:45:33.273 - DEBUG - Jemmy: "Wait for "Any CustomWidget" subcomponent to be displayed" action has been produced in 0 milliseconds with result 
    : edu.jsu.mcis.CustomWidget[,0,16,284x245,layout=java.awt.FlowLayout,alignmentX=0.0,alignmentY=0.0,border=javax.swing.border.LineBorder@79e3f444,flags=9,maximumSize=,minimumSize=,preferredSize=]
20160928 22:45:33.278 - INFO - +--- END KW: keywords.CustomWidgetKeywords.Click Octagon Inside (6)
~~~~~~~~~~~~~~~~~~~~~~~~~~~~~~~~~~~~~~~~~~~~~~~~~~~~~~~~~~~~~~~~~~~~~~~~~~~~~~
20160928 22:45:33.279 - INFO - +--- START KW: SwingLibrary.Label Text Should Be [ label | Octagon ]
20160928 22:45:33.281 - DEBUG - Jemmy: Waiting for "label" subcomponent
20160928 22:45:33.281 - DEBUG - Jemmy: Start to wait action "Wait for "label" subcomponent to be displayed"
20160928 22:45:33.281 - DEBUG - Jemmy: "Wait for "label" subcomponent to be displayed" action has been produced in 0 milliseconds with result 
    : javax.swing.JLabel[label,0,0,284x16,alignmentX=0.0,alignmentY=0.0,border=,flags=8388608,maximumSize=,minimumSize=,preferredSize=,defaultIcon=,disabledIcon=,horizontalAlignment=CENTER,horizontalTextPosition=TRAILING,iconTextGap=4,labelFor=,text=Octagon,verticalAlignment=CENTER,verticalTextPosition=CENTER]
20160928 22:45:33.284 - INFO - +--- END KW: SwingLibrary.Label Text Should Be (5)
~~~~~~~~~~~~~~~~~~~~~~~~~~~~~~~~~~~~~~~~~~~~~~~~~~~~~~~~~~~~~~~~~~~~~~~~~~~~~~
20160928 22:45:33.285 - INFO - +--- START KW: keywords.CustomWidgetKeywords.Click Octagon Inside [ ]
20160928 22:45:33.286 - DEBUG - Jemmy: Waiting for "Any CustomWidget" subcomponent
20160928 22:45:33.286 - DEBUG - Jemmy: Start to wait action "Wait for "Any CustomWidget" subcomponent to be displayed"
20160928 22:45:33.286 - DEBUG - Jemmy: "Wait for "Any CustomWidget" subcomponent to be displayed" action has been produced in 0 milliseconds with result 
    : edu.jsu.mcis.CustomWidget[,0,16,284x245,layout=java.awt.FlowLayout,alignmentX=0.0,alignmentY=0.0,border=javax.swing.border.LineBorder@79e3f444,flags=9,maximumSize=,minimumSize=,preferredSize=]
20160928 22:45:33.292 - INFO - +--- END KW: keywords.CustomWidgetKeywords.Click Octagon Inside (7)
~~~~~~~~~~~~~~~~~~~~~~~~~~~~~~~~~~~~~~~~~~~~~~~~~~~~~~~~~~~~~~~~~~~~~~~~~~~~~~
20160928 22:45:33.293 - INFO - +--- START KW: SwingLibrary.Label Text Should Be [ label | Hexagon ]
20160928 22:45:33.294 - DEBUG - Jemmy: Waiting for "label" subcomponent
20160928 22:45:33.294 - DEBUG - Jemmy: Start to wait action "Wait for "label" subcomponent to be displayed"
20160928 22:45:33.295 - DEBUG - Jemmy: "Wait for "label" subcomponent to be displayed" action has been produced in 1 milliseconds with result 
    : javax.swing.JLabel[label,0,0,284x16,alignmentX=0.0,alignmentY=0.0,border=,flags=8388608,maximumSize=,minimumSize=,preferredSize=,defaultIcon=,disabledIcon=,horizontalAlignment=CENTER,horizontalTextPosition=TRAILING,iconTextGap=4,labelFor=,text=Octagon,verticalAlignment=CENTER,verticalTextPosition=CENTER]
20160928 22:45:33.308 - FAIL - Expected label 'label' value to be 'Hexagon', but was 'Octagon'
20160928 22:45:33.310 - DEBUG - java.lang.RuntimeException: 
	at org.robotframework.javalib.library.AnnotationLibrary.retrieveInnerException(AnnotationLibrary.java:148)
	at org.robotframework.javalib.library.AnnotationLibrary.runKeyword(AnnotationLibrary.java:130)
	at org.robotframework.swing.SwingLibrary.runKeyword(SwingLibrary.java:112)
	at robot.model.testcase$py.visit$7(/Users/jmalinen/Documents/workspace/robotframework/build/Lib/robot/model/testcase.py:73)
	at robot.model.testcase$py.call_function(/Users/jmalinen/Documents/workspace/robotframework/build/Lib/robot/model/testcase.py)
	at robot.model.itemlist$py.visit$10(/Users/jmalinen/Documents/workspace/robotframework/build/Lib/robot/model/itemlist.py:68)
	at robot.model.itemlist$py.call_function(/Users/jmalinen/Documents/workspace/robotframework/build/Lib/robot/model/itemlist.py)
	at robot.model.visitor$py.visit_suite$2(/Users/jmalinen/Documents/workspace/robotframework/build/Lib/robot/model/visitor.py:87)
	at robot.model.visitor$py.call_function(/Users/jmalinen/Documents/workspace/robotframework/build/Lib/robot/model/visitor.py)
	at robot.model.testsuite$py.visit$19(/Users/jmalinen/Documents/workspace/robotframework/build/Lib/robot/model/testsuite.py:160)
	at robot.model.testsuite$py.call_function(/Users/jmalinen/Documents/workspace/robotframework/build/Lib/robot/model/testsuite.py)
	at robot.model.itemlist$py.visit$10(/Users/jmalinen/Documents/workspace/robotframework/build/Lib/robot/model/itemlist.py:68)
	at robot.model.itemlist$py.call_function(/Users/jmalinen/Documents/workspace/robotframework/build/Lib/robot/model/itemlist.py)
	at robot.model.visitor$py.visit_suite$2(/Users/jmalinen/Documents/workspace/robotframework/build/Lib/robot/model/visitor.py:87)
	at robot.model.visitor$py.call_function(/Users/jmalinen/Documents/workspace/robotframework/build/Lib/robot/model/visitor.py)
	at robot.model.testsuite$py.visit$19(/Users/jmalinen/Documents/workspace/robotframework/build/Lib/robot/model/testsuite.py:160)
	at robot.model.testsuite$py.call_function(/Users/jmalinen/Documents/workspace/robotframework/build/Lib/robot/model/testsuite.py)
	at robot.run$py.main$3(/Users/jmalinen/Documents/workspace/robotframework/build/Lib/robot/run.py:441)
	at robot.run$py.call_function(/Users/jmalinen/Documents/workspace/robotframework/build/Lib/robot/run.py)
	at robot.utils.application$py._execute$10(/Users/jmalinen/Documents/workspace/robotframework/build/Lib/robot/utils/application.py:91)
	at robot.utils.application$py.call_function(/Users/jmalinen/Documents/workspace/robotframework/build/Lib/robot/utils/application.py)
	at robot.utils.application$py.execute_cli$5(/Users/jmalinen/Documents/workspace/robotframework/build/Lib/robot/utils/application.py:46)
	at robot.utils.application$py.call_function(/Users/jmalinen/Documents/workspace/robotframework/build/Lib/robot/utils/application.py)
	at robot.run$py.run_cli$7(/Users/jmalinen/Documents/workspace/robotframework/build/Lib/robot/run.py:466)
	at robot.run$py.call_function(/Users/jmalinen/Documents/workspace/robotframework/build/Lib/robot/run.py)
	at robot.jarrunner$py._run$3(/Users/jmalinen/Documents/workspace/robotframework/build/Lib/robot/jarrunner.py:63)
	at robot.jarrunner$py.call_function(/Users/jmalinen/Documents/workspace/robotframework/build/Lib/robot/jarrunner.py)
	at robot.jarrunner$py.run$2(/Users/jmalinen/Documents/workspace/robotframework/build/Lib/robot/jarrunner.py:56)
	at robot.jarrunner$py.call_function(/Users/jmalinen/Documents/workspace/robotframework/build/Lib/robot/jarrunner.py)
	at org.robotframework.RobotRunner.run(RobotRunner.java:73)
	at org.robotframework.RobotFramework.run(RobotFramework.java:60)
	at org.codehaus.groovy.reflection.CachedMethod.invoke(CachedMethod.java:93)
	at groovy.lang.MetaMethod.doMethodInvoke(MetaMethod.java:325)
	at org.codehaus.groovy.runtime.callsite.StaticMetaMethodSite.invoke(StaticMetaMethodSite.java:46)
	at org.codehaus.groovy.runtime.callsite.StaticMetaMethodSite.call(StaticMetaMethodSite.java:91)
	at org.codehaus.groovy.runtime.callsite.CallSiteArray.defaultCall(CallSiteArray.java:48)
	at org.codehaus.groovy.runtime.callsite.AbstractCallSite.call(AbstractCallSite.java:113)
	at org.codehaus.groovy.runtime.callsite.AbstractCallSite.call(AbstractCallSite.java:125)
	at org.roboscratch.gradle.RunRobot.run(RunRobot.groovy:184)
	at org.gradle.internal.reflect.JavaMethod.invoke(JavaMethod.java:75)
	at org.gradle.api.internal.project.taskfactory.AnnotationProcessingTaskFactory$StandardTaskAction.doExecute(AnnotationProcessingTaskFactory.java:227)
	at org.gradle.api.internal.project.taskfactory.AnnotationProcessingTaskFactory$StandardTaskAction.execute(AnnotationProcessingTaskFactory.java:220)
	at org.gradle.api.internal.project.taskfactory.AnnotationProcessingTaskFactory$StandardTaskAction.execute(AnnotationProcessingTaskFactory.java:209)
	at org.gradle.api.internal.AbstractTask$TaskActionWrapper.execute(AbstractTask.java:585)
	at org.gradle.api.internal.AbstractTask$TaskActionWrapper.execute(AbstractTask.java:568)
	at org.gradle.api.internal.tasks.execution.ExecuteActionsTaskExecuter.executeAction(ExecuteActionsTaskExecuter.java:80)
	at org.gradle.api.internal.tasks.execution.ExecuteActionsTaskExecuter.executeActions(ExecuteActionsTaskExecuter.java:61)
	at org.gradle.api.internal.tasks.execution.ExecuteActionsTaskExecuter.execute(ExecuteActionsTaskExecuter.java:46)
	at org.gradle.api.internal.tasks.execution.PostExecutionAnalysisTaskExecuter.execute(PostExecutionAnalysisTaskExecuter.java:35)
	at org.gradle.api.internal.tasks.execution.SkipUpToDateTaskExecuter.execute(SkipUpToDateTaskExecuter.java:64)
	at org.gradle.api.internal.tasks.execution.ValidatingTaskExecuter.execute(ValidatingTaskExecuter.java:58)
	at org.gradle.api.internal.tasks.execution.SkipEmptySourceFilesTaskExecuter.execute(SkipEmptySourceFilesTaskExecuter.java:52)
	at org.gradle.api.internal.tasks.execution.SkipTaskWithNoActionsExecuter.execute(SkipTaskWithNoActionsExecuter.java:52)
	at org.gradle.api.internal.tasks.execution.SkipOnlyIfTaskExecuter.execute(SkipOnlyIfTaskExecuter.java:53)
	at org.gradle.api.internal.tasks.execution.ExecuteAtMostOnceTaskExecuter.execute(ExecuteAtMostOnceTaskExecuter.java:43)
	at org.gradle.execution.taskgraph.DefaultTaskGraphExecuter$EventFiringTaskWorker.execute(DefaultTaskGraphExecuter.java:203)
	at org.gradle.execution.taskgraph.DefaultTaskGraphExecuter$EventFiringTaskWorker.execute(DefaultTaskGraphExecuter.java:185)
	at org.gradle.execution.taskgraph.AbstractTaskPlanExecutor$TaskExecutorWorker.processTask(AbstractTaskPlanExecutor.java:66)
	at org.gradle.execution.taskgraph.AbstractTaskPlanExecutor$TaskExecutorWorker.run(AbstractTaskPlanExecutor.java:50)
	at org.gradle.execution.taskgraph.DefaultTaskPlanExecutor.process(DefaultTaskPlanExecutor.java:25)
	at org.gradle.execution.taskgraph.DefaultTaskGraphExecuter.execute(DefaultTaskGraphExecuter.java:110)
	at org.gradle.execution.SelectedTaskExecutionAction.execute(SelectedTaskExecutionAction.java:37)
	at org.gradle.execution.DefaultBuildExecuter.execute(DefaultBuildExecuter.java:37)
	at org.gradle.execution.DefaultBuildExecuter.access$000(DefaultBuildExecuter.java:23)
	at org.gradle.execution.DefaultBuildExecuter$1.proceed(DefaultBuildExecuter.java:43)
	at org.gradle.execution.DryRunBuildExecutionAction.execute(DryRunBuildExecutionAction.java:32)
	at org.gradle.execution.DefaultBuildExecuter.execute(DefaultBuildExecuter.java:37)
	at org.gradle.execution.DefaultBuildExecuter.execute(DefaultBuildExecuter.java:30)
	at org.gradle.initialization.DefaultGradleLauncher$4.run(DefaultGradleLauncher.java:154)
	at org.gradle.internal.Factories$1.create(Factories.java:22)
	at org.gradle.internal.progress.DefaultBuildOperationExecutor.run(DefaultBuildOperationExecutor.java:90)
	at org.gradle.internal.progress.DefaultBuildOperationExecutor.run(DefaultBuildOperationExecutor.java:52)
	at org.gradle.initialization.DefaultGradleLauncher.doBuildStages(DefaultGradleLauncher.java:151)
	at org.gradle.initialization.DefaultGradleLauncher.access$200(DefaultGradleLauncher.java:32)
	at org.gradle.initialization.DefaultGradleLauncher$1.create(DefaultGradleLauncher.java:99)
	at org.gradle.initialization.DefaultGradleLauncher$1.create(DefaultGradleLauncher.java:93)
	at org.gradle.internal.progress.DefaultBuildOperationExecutor.run(DefaultBuildOperationExecutor.java:90)
	at org.gradle.internal.progress.DefaultBuildOperationExecutor.run(DefaultBuildOperationExecutor.java:62)
	at org.gradle.initialization.DefaultGradleLauncher.doBuild(DefaultGradleLauncher.java:93)
	at org.gradle.initialization.DefaultGradleLauncher.run(DefaultGradleLauncher.java:82)
	at org.gradle.launcher.exec.InProcessBuildActionExecuter$DefaultBuildController.run(InProcessBuildActionExecuter.java:94)
	at org.gradle.tooling.internal.provider.ExecuteBuildActionRunner.run(ExecuteBuildActionRunner.java:28)
	at org.gradle.launcher.exec.ChainingBuildActionRunner.run(ChainingBuildActionRunner.java:35)
	at org.gradle.launcher.exec.InProcessBuildActionExecuter.execute(InProcessBuildActionExecuter.java:43)
	at org.gradle.launcher.exec.InProcessBuildActionExecuter.execute(InProcessBuildActionExecuter.java:28)
	at org.gradle.launcher.exec.ContinuousBuildActionExecuter.execute(ContinuousBuildActionExecuter.java:78)
	at org.gradle.launcher.exec.ContinuousBuildActionExecuter.execute(ContinuousBuildActionExecuter.java:48)
	at org.gradle.launcher.exec.DaemonUsageSuggestingBuildActionExecuter.execute(DaemonUsageSuggestingBuildActionExecuter.java:51)
	at org.gradle.launcher.exec.DaemonUsageSuggestingBuildActionExecuter.execute(DaemonUsageSuggestingBuildActionExecuter.java:28)
	at org.gradle.launcher.cli.RunBuildAction.run(RunBuildAction.java:43)
	at org.gradle.internal.Actions$RunnableActionAdapter.execute(Actions.java:170)
	at org.gradle.launcher.cli.CommandLineActionFactory$ParseAndBuildAction.execute(CommandLineActionFactory.java:237)
	at org.gradle.launcher.cli.CommandLineActionFactory$ParseAndBuildAction.execute(CommandLineActionFactory.java:210)
	at org.gradle.launcher.cli.JavaRuntimeValidationAction.execute(JavaRuntimeValidationAction.java:35)
	at org.gradle.launcher.cli.JavaRuntimeValidationAction.execute(JavaRuntimeValidationAction.java:24)
	at org.gradle.launcher.cli.CommandLineActionFactory$WithLogging.execute(CommandLineActionFactory.java:206)
	at org.gradle.launcher.cli.CommandLineActionFactory$WithLogging.execute(CommandLineActionFactory.java:169)
	at org.gradle.launcher.cli.ExceptionReportingAction.execute(ExceptionReportingAction.java:33)
	at org.gradle.launcher.cli.ExceptionReportingAction.execute(ExceptionReportingAction.java:22)
	at org.gradle.launcher.Main.doAction(Main.java:33)
	at org.gradle.launcher.bootstrap.EntryPoint.run(EntryPoint.java:45)
	at org.gradle.launcher.bootstrap.ProcessBootstrap.runNoExit(ProcessBootstrap.java:54)
	at org.gradle.launcher.bootstrap.ProcessBootstrap.run(ProcessBootstrap.java:35)
	at org.gradle.launcher.GradleMain.main(GradleMain.java:23)
Caused by: java.lang.AssertionError: Expected label 'label' value to be 'Hexagon', but was 'Octagon'
	at org.junit.Assert.fail(Assert.java:91)
	at org.junit.Assert.assertTrue(Assert.java:43)
	at org.robotframework.swing.keyword.label.LabelKeywords.labelTextShouldBe(LabelKeywords.java:70)
	at org.robotframework.javalib.reflection.KeywordInvoker.invoke(KeywordInvoker.java:50)
	at org.robotframework.javalib.beans.annotation.AnnotationKeywordExtractor$1.execute(AnnotationKeywordExtractor.java:62)
	at org.robotframework.javalib.library.KeywordFactoryBasedLibrary.runKeyword(KeywordFactoryBasedLibrary.java:37)
	at org.robotframework.javalib.library.AnnotationLibrary.runKeyword(AnnotationLibrary.java:128)
	... 248 more
20160928 22:45:33.311 - INFO - +--- END KW: SwingLibrary.Label Text Should Be (18)
------------------------------------------------------------------------------
20160928 22:45:33.320 - INFO - +-- END TEST: Widget Toggles With Successive Center Clicks (78)
------------------------------------------------------------------------------
20160928 22:45:33.342 - INFO - +- END SUITE: Acceptancetest.CustomWidgetTests (1589)
==============================================================================
20160928 22:45:33.357 - INFO - + END SUITE: Acceptancetest (1801)
==============================================================================
